android/app/build/intermediates/manifest_merge_blame_file/debug/manifest-merger-blame-debug-report.txt
1<?xml version="1.0" encoding="utf-8"?>
2<manifest xmlns:android="http://schemas.android.com/apk/res/android"
3    package="org.tensorflow.lite.examples.posenet"
4    android:versionCode="1"
5    android:versionName="1.0" >
6
7    <uses-sdk
7-->src\main\AndroidManifest.xml:5:5-17
8        android:minSdkVersion="21"
8-->src\main\AndroidManifest.xml:5:5-17
9        android:targetSdkVersion="30" />
9-->src\main\AndroidManifest.xml:5:5-17
10
11    <uses-permission android:name="android.permission.CAMERA" />
11-->src\main\AndroidManifest.xml:7:5-65
11-->src\main\AndroidManifest.xml:7:22-62
12
13    <uses-feature android:name="android.hardware.camera" />
13-->src\main\AndroidManifest.xml:9:5-60
13-->src\main\AndroidManifest.xml:9:19-57
14    <uses-feature android:name="android.hardware.camera.autofocus" />
14-->src\main\AndroidManifest.xml:10:5-70
14-->src\main\AndroidManifest.xml:10:19-67
15
16    <application
16-->src\main\AndroidManifest.xml:12:5-45:19
17        android:allowBackup="true"
17-->src\main\AndroidManifest.xml:13:9-35
18        android:appComponentFactory="androidx.core.app.CoreComponentFactory"
18-->[androidx.core:core:1.5.0] AndroidManifest.xml:24:18-86
19        android:debuggable="true"
20        android:icon="@drawable/g"
20-->src\main\AndroidManifest.xml:14:9-35
21        android:label="@string/tfe_pn_app_name"
21-->src\main\AndroidManifest.xml:15:9-48
22        android:roundIcon="@mipmap/ic_launcher_round"
22-->src\main\AndroidManifest.xml:16:9-54
23        android:supportsRtl="true"
23-->src\main\AndroidManifest.xml:17:9-35
24        android:theme="@style/AppTheme.Posenet" >
24-->src\main\AndroidManifest.xml:18:9-48
25        <activity
25-->src\main\AndroidManifest.xml:19:9-27:20
26            android:name="org.tensorflow.lite.examples.posenet.SignInActivity"
26-->src\main\AndroidManifest.xml:20:13-43
27            android:exported="true" >
27-->src\main\AndroidManifest.xml:21:13-36
28            <intent-filter>
28-->src\main\AndroidManifest.xml:22:13-26:29
29                <action android:name="android.intent.action.MAIN" />
29-->src\main\AndroidManifest.xml:23:17-69
29-->src\main\AndroidManifest.xml:23:25-66
30
31                <category android:name="android.intent.category.LAUNCHER" />
31-->src\main\AndroidManifest.xml:25:17-77
31-->src\main\AndroidManifest.xml:25:27-74
32            </intent-filter>
33        </activity>
34        <activity
34-->src\main\AndroidManifest.xml:28:9-30:39
35            android:name="org.tensorflow.lite.examples.posenet.FitnessActivity"
35-->src\main\AndroidManifest.xml:29:13-44
36            android:exported="true" />
36-->src\main\AndroidManifest.xml:30:13-36
37        <activity
37-->src\main\AndroidManifest.xml:31:9-33:39
38            android:name="org.tensorflow.lite.examples.posenet.MainActivity"
38-->src\main\AndroidManifest.xml:32:13-41
39            android:exported="true" />
39-->src\main\AndroidManifest.xml:33:13-36
40        <activity
40-->src\main\AndroidManifest.xml:34:9-36:39
41            android:name="org.tensorflow.lite.examples.posenet.WorkoutActivity"
41-->src\main\AndroidManifest.xml:35:13-44
42            android:exported="true" />
42-->src\main\AndroidManifest.xml:36:13-36
43        <activity
43-->src\main\AndroidManifest.xml:37:9-40:55
44            android:name="org.tensorflow.lite.examples.posenet.TestActivity"
44-->src\main\AndroidManifest.xml:38:13-41
45            android:exported="true"
45-->src\main\AndroidManifest.xml:39:13-36
46            android:label="@string/tfe_pn_app_name" />
46-->src\main\AndroidManifest.xml:40:13-52
47        <activity
47-->src\main\AndroidManifest.xml:41:9-44:20
48            android:name="org.tensorflow.lite.examples.posenet.CameraActivity"
48-->src\main\AndroidManifest.xml:42:13-43
49            android:exported="true" >
49-->src\main\AndroidManifest.xml:43:13-36
50        </activity>
51    </application>
52
53</manifest>